<?xml version="1.0" encoding="UTF-8"?>
<!-- Generated by org.testng.reporters.JUnitReportReporter -->
<testsuite hostname="Alexeys-MBP.home" failures="0" tests="1" name="com.inetbanking.testCases.LoginTest_001" time="0.691" errors="0" timestamp="2021-06-20T14:59:17 EDT" skipped="0">
  <testcase classname="com.inetbanking.testCases.LoginTest_001" name="LoginTest" time="0.691"/>
  <system-out/>
</testsuite> <!-- com.inetbanking.testCases.LoginTest_001 -->
