<?xml version="1.0" encoding="UTF-8"?>
<!-- Generated by org.testng.reporters.JUnitReportReporter -->
<testsuite hostname="Alexeys-MBP.home" failures="0" tests="1" name="com.inetbanking.testCases.AddCustomerTest_003" time="2.624" errors="0" timestamp="2021-06-20T14:59:17 EDT" skipped="0">
  <testcase classname="com.inetbanking.testCases.AddCustomerTest_003" name="addNewCustomer" time="2.624"/>
  <system-out/>
</testsuite> <!-- com.inetbanking.testCases.AddCustomerTest_003 -->
