<?xml version="1.0" encoding="UTF-8"?>
<!-- Generated by org.testng.reporters.JUnitReportReporter -->
<testsuite hostname="Alexeys-MBP.home" failures="0" tests="1" name="com.inetbanking.testCases.EditCustomerTest_004" time="2.617" errors="0" timestamp="2021-06-20T14:59:17 EDT" skipped="0">
  <testcase classname="com.inetbanking.testCases.EditCustomerTest_004" name="editCustomer" time="2.617"/>
  <system-out/>
</testsuite> <!-- com.inetbanking.testCases.EditCustomerTest_004 -->
